<?xml version="1.0" encoding="UTF-8"?>
<!-- Generated by org.testng.reporters.JUnitXMLReporter -->
<testsuite ignored="0" hostname="LAPTOP-PU8VKKP8" failures="0" tests="8" name="TestFirefox" time="19.972" errors="0" timestamp="2022-07-10T00:05:26 IST">
  <testcase classname="testNG.SwagLogin" name="LaunchURL" time="0.269"/>
  <testcase classname="testNG.SwagLogin" name="EnterDetails" time="0.367"/>
  <testcase classname="testNG.SwagLogin" name="ProductClick" time="1.682"/>
  <testcase classname="testNG.SwagLogin" name="BackActions" time="1.249"/>
  <testcase classname="testNG.SwagLogin" name="LogOutAction" time="4.471"/>
  <testcase classname="testNG.SwagLogin" name="Invaliddata" time="2.323"/>
  <testcase classname="testNG.SwagLogin" name="Invaliddata" time="2.307"/>
  <testcase classname="testNG.SwagLogin" name="Invaliddata" time="2.29"/>
</testsuite> <!-- TestFirefox -->
