<?xml version="1.0" encoding="UTF-8"?>
<!-- Generated by org.testng.reporters.JUnitXMLReporter -->
<testsuite ignored="0" hostname="LAPTOP-PU8VKKP8" failures="0" tests="8" name="TestChrome" time="18.725" errors="0" timestamp="2022-07-10T00:04:50 IST">
  <testcase classname="testNG.SwagLogin" name="LaunchURL" time="0.051"/>
  <testcase classname="testNG.SwagLogin" name="EnterDetails" time="0.224"/>
  <testcase classname="testNG.SwagLogin" name="ProductClick" time="1.154"/>
  <testcase classname="testNG.SwagLogin" name="BackActions" time="1.076"/>
  <testcase classname="testNG.SwagLogin" name="LogOutAction" time="4.189"/>
  <testcase classname="testNG.SwagLogin" name="Invaliddata" time="2.232"/>
  <testcase classname="testNG.SwagLogin" name="Invaliddata" time="2.152"/>
  <testcase classname="testNG.SwagLogin" name="Invaliddata" time="2.161"/>
</testsuite> <!-- TestChrome -->
