<?xml version="1.0" encoding="UTF-8"?>
<!-- Generated by org.testng.reporters.JUnitXMLReporter -->
<testsuite ignored="0" hostname="LAPTOP-PU8VKKP8" failures="0" tests="8" name="TestEdge" time="15.912" errors="0" timestamp="2022-07-10T00:05:06 IST">
  <testcase classname="testNG.SwagLogin" name="LaunchURL" time="0.054"/>
  <testcase classname="testNG.SwagLogin" name="EnterDetails" time="0.233"/>
  <testcase classname="testNG.SwagLogin" name="ProductClick" time="1.153"/>
  <testcase classname="testNG.SwagLogin" name="BackActions" time="1.055"/>
  <testcase classname="testNG.SwagLogin" name="LogOutAction" time="4.206"/>
  <testcase classname="testNG.SwagLogin" name="Invaliddata" time="2.219"/>
  <testcase classname="testNG.SwagLogin" name="Invaliddata" time="2.173"/>
  <testcase classname="testNG.SwagLogin" name="Invaliddata" time="2.161"/>
</testsuite> <!-- TestEdge -->
