<?xml version="1.0" encoding="UTF-8"?>
<testng-results ignored="0" total="24" passed="24" failed="0" skipped="0">
  <reporter-output>
  </reporter-output>
  <suite started-at="2022-07-10T00:04:31 IST" name="Suite" finished-at="2022-07-10T00:05:26 IST" duration-ms="54657">
    <groups>
    </groups>
    <test started-at="2022-07-10T00:04:31 IST" name="TestChrome" finished-at="2022-07-10T00:04:50 IST" duration-ms="18725">
      <class name="testNG.SwagLogin">
        <test-method is-config="true" signature="SetUpBrowser(java.lang.String)[pri:0, instance:testNG.SwagLogin@3d680b5a]" started-at="2022-07-10T00:04:31 IST" name="SetUpBrowser" finished-at="2022-07-10T00:04:36 IST" duration-ms="5250" status="PASS">
          <params>
            <param index="0">
              <value>
                <![CDATA[chrome]]>
              </value>
            </param>
          </params>
          <reporter-output>
          </reporter-output>
        </test-method> <!-- SetUpBrowser -->
        <test-method signature="LaunchURL(java.lang.String)[pri:1, instance:testNG.SwagLogin@3d680b5a]" started-at="2022-07-10T00:04:36 IST" name="LaunchURL" finished-at="2022-07-10T00:04:36 IST" duration-ms="51" status="PASS">
          <params>
            <param index="0">
              <value>
                <![CDATA[https://www.saucedemo.com/]]>
              </value>
            </param>
          </params>
          <reporter-output>
          </reporter-output>
        </test-method> <!-- LaunchURL -->
        <test-method signature="EnterDetails(java.lang.String,java.lang.String)[pri:2, instance:testNG.SwagLogin@3d680b5a]" started-at="2022-07-10T00:04:36 IST" name="EnterDetails" finished-at="2022-07-10T00:04:36 IST" duration-ms="224" status="PASS">
          <params>
            <param index="0">
              <value>
                <![CDATA[standard_user]]>
              </value>
            </param>
            <param index="1">
              <value>
                <![CDATA[secret_sauce]]>
              </value>
            </param>
          </params>
          <reporter-output>
          </reporter-output>
        </test-method> <!-- EnterDetails -->
        <test-method signature="ProductClick()[pri:3, instance:testNG.SwagLogin@3d680b5a]" started-at="2022-07-10T00:04:36 IST" name="ProductClick" finished-at="2022-07-10T00:04:38 IST" duration-ms="1154" status="PASS">
          <reporter-output>
          </reporter-output>
        </test-method> <!-- ProductClick -->
        <test-method signature="BackActions()[pri:4, instance:testNG.SwagLogin@3d680b5a]" started-at="2022-07-10T00:04:38 IST" name="BackActions" finished-at="2022-07-10T00:04:39 IST" duration-ms="1076" status="PASS">
          <reporter-output>
          </reporter-output>
        </test-method> <!-- BackActions -->
        <test-method signature="LogOutAction()[pri:5, instance:testNG.SwagLogin@3d680b5a]" started-at="2022-07-10T00:04:39 IST" name="LogOutAction" finished-at="2022-07-10T00:04:43 IST" duration-ms="4189" status="PASS">
          <reporter-output>
          </reporter-output>
        </test-method> <!-- LogOutAction -->
        <test-method signature="Invaliddata(java.lang.String,java.lang.String)[pri:6, instance:testNG.SwagLogin@3d680b5a]" started-at="2022-07-10T00:04:43 IST" name="Invaliddata" data-provider="data" finished-at="2022-07-10T00:04:45 IST" duration-ms="2232" status="PASS">
          <params>
            <param index="0">
              <value>
                <![CDATA[lockedk_out_user]]>
              </value>
            </param>
            <param index="1">
              <value>
                <![CDATA[secret_sauce]]>
              </value>
            </param>
          </params>
          <reporter-output>
          </reporter-output>
        </test-method> <!-- Invaliddata -->
        <test-method signature="Invaliddata(java.lang.String,java.lang.String)[pri:6, instance:testNG.SwagLogin@3d680b5a]" started-at="2022-07-10T00:04:45 IST" name="Invaliddata" data-provider="data" finished-at="2022-07-10T00:04:47 IST" duration-ms="2152" status="PASS">
          <params>
            <param index="0">
              <value>
                <![CDATA[tyy]]>
              </value>
            </param>
            <param index="1">
              <value>
                <![CDATA[secret_sauce]]>
              </value>
            </param>
          </params>
          <reporter-output>
          </reporter-output>
        </test-method> <!-- Invaliddata -->
        <test-method signature="Invaliddata(java.lang.String,java.lang.String)[pri:6, instance:testNG.SwagLogin@3d680b5a]" started-at="2022-07-10T00:04:47 IST" name="Invaliddata" data-provider="data" finished-at="2022-07-10T00:04:49 IST" duration-ms="2161" status="PASS">
          <params>
            <param index="0">
              <value>
                <![CDATA[adb]]>
              </value>
            </param>
            <param index="1">
              <value>
                <![CDATA[secret_sauce]]>
              </value>
            </param>
          </params>
          <reporter-output>
          </reporter-output>
        </test-method> <!-- Invaliddata -->
        <test-method is-config="true" signature="tearDown()[pri:0, instance:testNG.SwagLogin@3d680b5a]" started-at="2022-07-10T00:04:49 IST" name="tearDown" finished-at="2022-07-10T00:04:50 IST" duration-ms="197" status="PASS">
          <reporter-output>
          </reporter-output>
        </test-method> <!-- tearDown -->
      </class> <!-- testNG.SwagLogin -->
    </test> <!-- TestChrome -->
    <test started-at="2022-07-10T00:04:50 IST" name="TestEdge" finished-at="2022-07-10T00:05:06 IST" duration-ms="15912">
      <class name="testNG.SwagLogin">
        <test-method is-config="true" signature="SetUpBrowser(java.lang.String)[pri:0, instance:testNG.SwagLogin@2c767a52]" started-at="2022-07-10T00:04:50 IST" name="SetUpBrowser" finished-at="2022-07-10T00:04:52 IST" duration-ms="2391" status="PASS">
          <params>
            <param index="0">
              <value>
                <![CDATA[edge]]>
              </value>
            </param>
          </params>
          <reporter-output>
          </reporter-output>
        </test-method> <!-- SetUpBrowser -->
        <test-method signature="LaunchURL(java.lang.String)[pri:1, instance:testNG.SwagLogin@2c767a52]" started-at="2022-07-10T00:04:52 IST" name="LaunchURL" finished-at="2022-07-10T00:04:52 IST" duration-ms="54" status="PASS">
          <params>
            <param index="0">
              <value>
                <![CDATA[https://www.saucedemo.com/]]>
              </value>
            </param>
          </params>
          <reporter-output>
          </reporter-output>
        </test-method> <!-- LaunchURL -->
        <test-method signature="EnterDetails(java.lang.String,java.lang.String)[pri:2, instance:testNG.SwagLogin@2c767a52]" started-at="2022-07-10T00:04:52 IST" name="EnterDetails" finished-at="2022-07-10T00:04:52 IST" duration-ms="233" status="PASS">
          <params>
            <param index="0">
              <value>
                <![CDATA[standard_user]]>
              </value>
            </param>
            <param index="1">
              <value>
                <![CDATA[secret_sauce]]>
              </value>
            </param>
          </params>
          <reporter-output>
          </reporter-output>
        </test-method> <!-- EnterDetails -->
        <test-method signature="ProductClick()[pri:3, instance:testNG.SwagLogin@2c767a52]" started-at="2022-07-10T00:04:52 IST" name="ProductClick" finished-at="2022-07-10T00:04:53 IST" duration-ms="1153" status="PASS">
          <reporter-output>
          </reporter-output>
        </test-method> <!-- ProductClick -->
        <test-method signature="BackActions()[pri:4, instance:testNG.SwagLogin@2c767a52]" started-at="2022-07-10T00:04:53 IST" name="BackActions" finished-at="2022-07-10T00:04:55 IST" duration-ms="1055" status="PASS">
          <reporter-output>
          </reporter-output>
        </test-method> <!-- BackActions -->
        <test-method signature="LogOutAction()[pri:5, instance:testNG.SwagLogin@2c767a52]" started-at="2022-07-10T00:04:55 IST" name="LogOutAction" finished-at="2022-07-10T00:04:59 IST" duration-ms="4206" status="PASS">
          <reporter-output>
          </reporter-output>
        </test-method> <!-- LogOutAction -->
        <test-method signature="Invaliddata(java.lang.String,java.lang.String)[pri:6, instance:testNG.SwagLogin@2c767a52]" started-at="2022-07-10T00:04:59 IST" name="Invaliddata" data-provider="data" finished-at="2022-07-10T00:05:01 IST" duration-ms="2219" status="PASS">
          <params>
            <param index="0">
              <value>
                <![CDATA[lockedk_out_user]]>
              </value>
            </param>
            <param index="1">
              <value>
                <![CDATA[secret_sauce]]>
              </value>
            </param>
          </params>
          <reporter-output>
          </reporter-output>
        </test-method> <!-- Invaliddata -->
        <test-method signature="Invaliddata(java.lang.String,java.lang.String)[pri:6, instance:testNG.SwagLogin@2c767a52]" started-at="2022-07-10T00:05:01 IST" name="Invaliddata" data-provider="data" finished-at="2022-07-10T00:05:03 IST" duration-ms="2173" status="PASS">
          <params>
            <param index="0">
              <value>
                <![CDATA[tyy]]>
              </value>
            </param>
            <param index="1">
              <value>
                <![CDATA[secret_sauce]]>
              </value>
            </param>
          </params>
          <reporter-output>
          </reporter-output>
        </test-method> <!-- Invaliddata -->
        <test-method signature="Invaliddata(java.lang.String,java.lang.String)[pri:6, instance:testNG.SwagLogin@2c767a52]" started-at="2022-07-10T00:05:03 IST" name="Invaliddata" data-provider="data" finished-at="2022-07-10T00:05:05 IST" duration-ms="2161" status="PASS">
          <params>
            <param index="0">
              <value>
                <![CDATA[adb]]>
              </value>
            </param>
            <param index="1">
              <value>
                <![CDATA[secret_sauce]]>
              </value>
            </param>
          </params>
          <reporter-output>
          </reporter-output>
        </test-method> <!-- Invaliddata -->
        <test-method is-config="true" signature="tearDown()[pri:0, instance:testNG.SwagLogin@2c767a52]" started-at="2022-07-10T00:05:05 IST" name="tearDown" finished-at="2022-07-10T00:05:06 IST" duration-ms="257" status="PASS">
          <reporter-output>
          </reporter-output>
        </test-method> <!-- tearDown -->
      </class> <!-- testNG.SwagLogin -->
    </test> <!-- TestEdge -->
    <test started-at="2022-07-10T00:05:06 IST" name="TestFirefox" finished-at="2022-07-10T00:05:26 IST" duration-ms="19972">
      <class name="testNG.SwagLogin">
        <test-method is-config="true" signature="SetUpBrowser(java.lang.String)[pri:0, instance:testNG.SwagLogin@2ef3eef9]" started-at="2022-07-10T00:05:06 IST" name="SetUpBrowser" finished-at="2022-07-10T00:05:10 IST" duration-ms="4384" status="PASS">
          <params>
            <param index="0">
              <value>
                <![CDATA[firefox]]>
              </value>
            </param>
          </params>
          <reporter-output>
          </reporter-output>
        </test-method> <!-- SetUpBrowser -->
        <test-method signature="LaunchURL(java.lang.String)[pri:1, instance:testNG.SwagLogin@2ef3eef9]" started-at="2022-07-10T00:05:10 IST" name="LaunchURL" finished-at="2022-07-10T00:05:10 IST" duration-ms="269" status="PASS">
          <params>
            <param index="0">
              <value>
                <![CDATA[https://www.saucedemo.com/]]>
              </value>
            </param>
          </params>
          <reporter-output>
          </reporter-output>
        </test-method> <!-- LaunchURL -->
        <test-method signature="EnterDetails(java.lang.String,java.lang.String)[pri:2, instance:testNG.SwagLogin@2ef3eef9]" started-at="2022-07-10T00:05:10 IST" name="EnterDetails" finished-at="2022-07-10T00:05:11 IST" duration-ms="367" status="PASS">
          <params>
            <param index="0">
              <value>
                <![CDATA[standard_user]]>
              </value>
            </param>
            <param index="1">
              <value>
                <![CDATA[secret_sauce]]>
              </value>
            </param>
          </params>
          <reporter-output>
          </reporter-output>
        </test-method> <!-- EnterDetails -->
        <test-method signature="ProductClick()[pri:3, instance:testNG.SwagLogin@2ef3eef9]" started-at="2022-07-10T00:05:11 IST" name="ProductClick" finished-at="2022-07-10T00:05:12 IST" duration-ms="1682" status="PASS">
          <reporter-output>
          </reporter-output>
        </test-method> <!-- ProductClick -->
        <test-method signature="BackActions()[pri:4, instance:testNG.SwagLogin@2ef3eef9]" started-at="2022-07-10T00:05:12 IST" name="BackActions" finished-at="2022-07-10T00:05:14 IST" duration-ms="1249" status="PASS">
          <reporter-output>
          </reporter-output>
        </test-method> <!-- BackActions -->
        <test-method signature="LogOutAction()[pri:5, instance:testNG.SwagLogin@2ef3eef9]" started-at="2022-07-10T00:05:14 IST" name="LogOutAction" finished-at="2022-07-10T00:05:18 IST" duration-ms="4471" status="PASS">
          <reporter-output>
          </reporter-output>
        </test-method> <!-- LogOutAction -->
        <test-method signature="Invaliddata(java.lang.String,java.lang.String)[pri:6, instance:testNG.SwagLogin@2ef3eef9]" started-at="2022-07-10T00:05:18 IST" name="Invaliddata" data-provider="data" finished-at="2022-07-10T00:05:20 IST" duration-ms="2323" status="PASS">
          <params>
            <param index="0">
              <value>
                <![CDATA[lockedk_out_user]]>
              </value>
            </param>
            <param index="1">
              <value>
                <![CDATA[secret_sauce]]>
              </value>
            </param>
          </params>
          <reporter-output>
          </reporter-output>
        </test-method> <!-- Invaliddata -->
        <test-method signature="Invaliddata(java.lang.String,java.lang.String)[pri:6, instance:testNG.SwagLogin@2ef3eef9]" started-at="2022-07-10T00:05:20 IST" name="Invaliddata" data-provider="data" finished-at="2022-07-10T00:05:23 IST" duration-ms="2307" status="PASS">
          <params>
            <param index="0">
              <value>
                <![CDATA[tyy]]>
              </value>
            </param>
            <param index="1">
              <value>
                <![CDATA[secret_sauce]]>
              </value>
            </param>
          </params>
          <reporter-output>
          </reporter-output>
        </test-method> <!-- Invaliddata -->
        <test-method signature="Invaliddata(java.lang.String,java.lang.String)[pri:6, instance:testNG.SwagLogin@2ef3eef9]" started-at="2022-07-10T00:05:23 IST" name="Invaliddata" data-provider="data" finished-at="2022-07-10T00:05:25 IST" duration-ms="2290" status="PASS">
          <params>
            <param index="0">
              <value>
                <![CDATA[adb]]>
              </value>
            </param>
            <param index="1">
              <value>
                <![CDATA[secret_sauce]]>
              </value>
            </param>
          </params>
          <reporter-output>
          </reporter-output>
        </test-method> <!-- Invaliddata -->
        <test-method is-config="true" signature="tearDown()[pri:0, instance:testNG.SwagLogin@2ef3eef9]" started-at="2022-07-10T00:05:25 IST" name="tearDown" finished-at="2022-07-10T00:05:26 IST" duration-ms="619" status="PASS">
          <reporter-output>
          </reporter-output>
        </test-method> <!-- tearDown -->
      </class> <!-- testNG.SwagLogin -->
    </test> <!-- TestFirefox -->
  </suite> <!-- Suite -->
</testng-results>
